<?xml version="1.0" encoding="UTF-8"?>
<!-- Generated by org.testng.reporters.JUnitXMLReporter -->
<testsuite ignored="2" hostname="DESKTOP-640T3I7" failures="0" tests="3" name="General Test" time="0.255" errors="0" timestamp="2024-07-20T13:29:53 WIB">
  <testcase classname="Testing.Test1" name="runTest2" time="0.006"/>
  <testcase classname="Testing.Test3" name="ApiMenu" time="0.007"/>
  <testcase classname="Testing.Test3" name="appMenu" time="0.004"/>
  <testcase classname="Testing.Test3" name="webMenu" time="0.0">
    <ignored/>
  </testcase> <!-- webMenu -->
  <testcase classname="Testing.Test1" name="runTest1" time="0.0">
    <ignored/>
  </testcase> <!-- runTest1 -->
</testsuite> <!-- General Test -->
