<?xml version="1.0" encoding="UTF-8"?>
<!-- Generated by org.testng.reporters.JUnitXMLReporter -->
<testsuite ignored="9" hostname="DESKTOP-640T3I7" failures="0" tests="3" name="Group test" time="0.48" errors="0" timestamp="2024-07-20T13:44:19 WIB">
  <testcase classname="Testing.Test1" name="runTest1" time="0.05"/>
  <testcase classname="Testing.Test3" name="ApiMenu" time="0.084"/>
  <testcase classname="Testing.Test4" name="LogOutUser" time="0.005"/>
  <testcase classname="Testing.Test4" name="LogOutSuperAdmin" time="0.0">
    <ignored/>
  </testcase> <!-- LogOutSuperAdmin -->
  <testcase classname="Testing.Test2" name="LoginSuperAdmin" time="0.0">
    <ignored/>
  </testcase> <!-- LoginSuperAdmin -->
  <testcase classname="Testing.Test4" name="ChooseProile" time="0.0">
    <ignored/>
  </testcase> <!-- ChooseProile -->
  <testcase classname="Testing.Test2" name="LoginAdmin" time="0.0">
    <ignored/>
  </testcase> <!-- LoginAdmin -->
  <testcase classname="Testing.Test1" name="runTest2" time="0.0">
    <ignored/>
  </testcase> <!-- runTest2 -->
  <testcase classname="Testing.Test2" name="LoginUser" time="0.0">
    <ignored/>
  </testcase> <!-- LoginUser -->
  <testcase classname="Testing.Test3" name="appMenu" time="0.0">
    <ignored/>
  </testcase> <!-- appMenu -->
  <testcase classname="Testing.Test3" name="webMenu" time="0.0">
    <ignored/>
  </testcase> <!-- webMenu -->
  <testcase classname="Testing.Test4" name="LogOutAdmin" time="0.0">
    <ignored/>
  </testcase> <!-- LogOutAdmin -->
</testsuite> <!-- Group test -->
