<?xml version="1.0" encoding="UTF-8"?>
<!-- Generated by org.testng.reporters.JUnitXMLReporter -->
<testsuite ignored="1" hostname="DESKTOP-640T3I7" failures="0" tests="15" name="Login Test" time="0.597" errors="0" timestamp="2024-07-20T22:20:24 WIB">
  <testcase classname="Testing.Test1" name="runTest1" time="0.019"/>
  <testcase classname="Testing.Test1" name="runTest2" time="0.066"/>
  <testcase classname="Testing.Test2" name="LoginAdmin" time="0.01"/>
  <testcase classname="Testing.Test2" name="LoginUser" time="0.017"/>
  <testcase classname="Testing.Test2" name="LoginUser2" time="0.027"/>
  <testcase classname="Testing.Test3" name="ApiMenu" time="0.004"/>
  <testcase classname="Testing.Test3" name="appMenu" time="0.023"/>
  <testcase classname="Testing.Test3" name="webMenu" time="0.003"/>
  <testcase classname="Testing.Test4" name="ChooseProile" time="0.004"/>
  <testcase classname="Testing.Test4" name="ChooseProile" time="0.01"/>
  <testcase classname="Testing.Test4" name="ChooseProile" time="0.004"/>
  <testcase classname="Testing.Test4" name="LogOutAdmin" time="0.003"/>
  <testcase classname="Testing.Test4" name="LogOutSuperAdmin" time="0.007"/>
  <testcase classname="Testing.Test4" name="LogOutUser" time="0.004"/>
  <testcase classname="Testing.Test2" name="LoginClerk" time="0.005"/>
  <testcase classname="Testing.Test2" name="LoginSuperAdmin" time="0.0">
    <ignored/>
  </testcase> <!-- LoginSuperAdmin -->
</testsuite> <!-- Login Test -->
